2025-08-05 19:46:24,440 - __main__ - INFO - Starting WebSocketManager
2025-08-05 19:46:24,440 - __main__ - INFO - Connecting to WebSocket: wss://15dcmwmsig.execute-api.ap-south-1.amazonaws.com/production/
2025-08-05 19:46:24,443 - __main__ - INFO - WebSocket connection thread started
2025-08-05 19:46:24,725 - websocket - DEBUG - --- request header ---
2025-08-05 19:46:24,726 - websocket - DEBUG - GET /production/ HTTP/1.1
Upgrade: websocket
Host: 15dcmwmsig.execute-api.ap-south-1.amazonaws.com
Origin: https://15dcmwmsig.execute-api.ap-south-1.amazonaws.com
Sec-WebSocket-Key: gtdsdqd5M25TpuRMx72xiA==
Sec-WebSocket-Version: 13
Connection: Upgrade


2025-08-05 19:46:24,727 - websocket - DEBUG - -----------------------
2025-08-05 19:46:24,728 - websocket - DEBUG - --- response header ---
2025-08-05 19:46:32,908 - websocket - DEBUG - HTTP/1.1 101 Switching Protocols
2025-08-05 19:46:32,909 - websocket - DEBUG - Date: Tue, 05 Aug 2025 14:16:33 GMT
2025-08-05 19:46:32,910 - websocket - DEBUG - Connection: upgrade
2025-08-05 19:46:32,911 - websocket - DEBUG - upgrade: websocket
2025-08-05 19:46:32,912 - websocket - DEBUG - sec-websocket-accept: OghkcX7pAgPKarrRUqWySbZvlZk=
2025-08-05 19:46:32,913 - websocket - DEBUG - -----------------------
2025-08-05 19:46:32,914 - websocket - INFO - Websocket connected
2025-08-05 19:46:32,915 - __main__ - INFO - WebSocket connection opened
2025-08-05 19:46:32,916 - websocket - DEBUG - ++Sent raw: b'\x81\xde\xb5\xc1\xa6\x9c\xce\xe3\xc7\xff\xc1\xa8\xc9\xf2\x97\xfb\x86\xbe\xc7\xa4\xc1\xf5\xc6\xb5\xc3\xee\xea\xa5\xc3\xea\xdc\xa2\xc3\xbe\x99\xe1\x84\xf1\xd0\xb2\xd5\xfd\xd2\xa4\x84\xa6\x95\xe3\xe5\xf3\xdb\xaf\xc3\xff\xc1\xa8\xc9\xf2\x95\x84\xd5\xe8\xd4\xa3\xca\xf5\xc6\xa9\xc3\xf8\x97\xed\x86\xbe\xd1\xa4\xd0\xf5\xd6\xa4\xf9\xf2\xd4\xac\xc3\xbe\x8f\xe1\x84\xeb\xdc\xaf\xc2\xf3\xc2\xb2\x97\xad\x97\xbc'
2025-08-05 19:46:32,917 - websocket - DEBUG - ++Sent decoded: fin=1 opcode=1 data=b'{"action": "register_device", "message": "Connection Established", "device_name": "windows11"}'
2025-08-05 19:46:32,917 - __main__ - INFO - Device registration sent for: windows11
2025-08-05 19:46:57,815 - __main__ - INFO - Stopping WebSocketManager
2025-08-05 19:46:57,815 - __main__ - INFO - Starting disconnect_websocket()
2025-08-05 19:46:57,817 - __main__ - INFO - Sending unregister message before disconnecting WebSocket...
2025-08-05 19:46:57,817 - websocket - DEBUG - ++Sent raw: b'\x81\xdf\x97q\x03\xc5\xecSb\xa6\xe3\x18l\xab\xb5K#\xe7\xe2\x1fq\xa0\xf0\x18p\xb1\xf2\x03\\\xa1\xf2\x07j\xa6\xf2S/\xe5\xb5\x1cf\xb6\xe4\x10d\xa0\xb5K#\xe7\xd3\x18p\xa6\xf8\x1fm\xa0\xf4\x05#\x86\xf8\x1fm\xa0\xf4\x05j\xaa\xf9S/\xe5\xb5\x15f\xb3\xfe\x12f\x9a\xf9\x10n\xa0\xb5K#\xe7\xe0\x18m\xa1\xf8\x06p\xf4\xa6S~'
2025-08-05 19:46:57,818 - websocket - DEBUG - ++Sent decoded: fin=1 opcode=1 data=b'{"action": "unregister_device", "message": "Disconnect Connection", "device_name": "windows11"}'
2025-08-05 19:46:57,819 - __main__ - INFO - Unregistration message send to server for: windows11
2025-08-05 19:46:57,819 - __main__ - INFO - Disconnecting WebSocket...
2025-08-05 19:46:57,819 - websocket - DEBUG - ++Sent raw: b'\x88\x82\n\x07\xd9\xcb\t\xef'
2025-08-05 19:46:57,820 - websocket - DEBUG - ++Sent decoded: fin=1 opcode=8 data=b'\x03\xe8'
2025-08-05 19:46:57,849 - __main__ - INFO - Websocket connection closed: None - None
2025-08-05 19:46:57,850 - __main__ - INFO - Websocket Disconnected
2025-08-05 19:46:57,850 - __main__ - INFO - WebSocketManager stopped
